# JRE version: 7.0_09-b05
# Java VM: Java HotSpot(TM) Client VM (23.5-b02 mixed mode, sharing windows-x86 )
Heap
 def new generation   total 4928K, used 2860K [0x22af0000, 0x23040000, 0x28040000)
  eden space 4416K,  64% used [0x22af0000, 0x22dbac28, 0x22f40000)
  from space 512K,   0% used [0x22f40000, 0x22f40548, 0x22fc0000)
  to   space 512K,   0% used [0x22fc0000, 0x22fc0000, 0x23040000)
 tenured generation   total 10944K, used 1062K [0x28040000, 0x28af0000, 0x32af0000)
   the space 10944K,   9% used [0x28040000, 0x28149b58, 0x28149c00, 0x28af0000)
 compacting perm gen  total 12288K, used 911K [0x32af0000, 0x336f0000, 0x36af0000)
   the space 12288K,   7% used [0x32af0000, 0x32bd3d70, 0x32bd3e00, 0x336f0000)
    ro space 10240K,  42% used [0x36af0000, 0x36f30348, 0x36f30400, 0x374f0000)
    rw space 12288K,  54% used [0x374f0000, 0x37b706f0, 0x37b70800, 0x380f0000)
GC Heap History (10 events):
Event: 4.069 GC heap before
{Heap before GC invocations=51 (full 0):
 def new generation   total 4928K, used 4417K [0x22af0000, 0x23040000, 0x28040000)
  eden space 4416K, 100% used [0x22af0000, 0x22f40000, 0x22f40000)
  from space 512K,   0% used [0x22fc0000, 0x22fc0598, 0x23040000)
  to   space 512K,   0% used [0x22f40000, 0x22f40000, 0x22fc0000)
 tenured generation   total 10944K, used 1062K [0x28040000, 0x28af0000, 0x32af0000)
   the space 10944K,   9% used [0x28040000, 0x28149ac0, 0x28149c00, 0x28af0000)
 compacting perm gen  total 12288K, used 904K [0x32af0000, 0x336f0000, 0x36af0000)
   the space 12288K,   7% used [0x32af0000, 0x32bd2270, 0x32bd2400, 0x336f0000)
    ro space 10240K,  42% used [0x36af0000, 0x36f30348, 0x36f30400, 0x374f0000)
    rw space 12288K,  54% used [0x374f0000, 0x37b706f0, 0x37b70800, 0x380f0000)
Event: 4.070 GC heap after
Heap after GC invocations=52 (full 0):
 def new generation   total 4928K, used 1K [0x22af0000, 0x23040000, 0x28040000)
  eden space 4416K,   0% used [0x22af0000, 0x22af0000, 0x22f40000)
  from space 512K,   0% used [0x22f40000, 0x22f40518, 0x22fc0000)
  to   space 512K,   0% used [0x22fc0000, 0x22fc0000, 0x23040000)
 tenured generation   total 10944K, used 1062K [0x28040000, 0x28af0000, 0x32af0000)
   the space 10944K,   9% used [0x28040000, 0x28149ac0, 0x28149c00, 0x28af0000)
 compacting perm gen  total 12288K, used 904K [0x32af0000, 0x336f0000, 0x36af0000)
   the space 12288K,   7% used [0x32af0000, 0x32bd2270, 0x32bd2400, 0x336f0000)
    ro space 10240K,  42% used [0x36af0000, 0x36f30348, 0x36f30400, 0x374f0000)
    rw space 12288K,  54% used [0x374f0000, 0x37b706f0, 0x37b70800, 0x380f0000)
}
Event: 4.129 GC heap before
{Heap before GC invocations=52 (full 0):
 def new generation   total 4928K, used 4417K [0x22af0000, 0x23040000, 0x28040000)
  eden space 4416K, 100% used [0x22af0000, 0x22f40000, 0x22f40000)
  from space 512K,   0% used [0x22f40000, 0x22f40518, 0x22fc0000)
  to   space 512K,   0% used [0x22fc0000, 0x22fc0000, 0x23040000)
 tenured generation   total 10944K, used 1062K [0x28040000, 0x28af0000, 0x32af0000)
   the space 10944K,   9% used [0x28040000, 0x28149ac0, 0x28149c00, 0x28af0000)
 compacting perm gen  total 12288K, used 904K [0x32af0000, 0x336f0000, 0x36af0000)
   the space 12288K,   7% used [0x32af0000, 0x32bd2270, 0x32bd2400, 0x336f0000)
    ro space 10240K,  42% used [0x36af0000, 0x36f30348, 0x36f30400, 0x374f0000)
    rw space 12288K,  54% used [0x374f0000, 0x37b706f0, 0x37b70800, 0x380f0000)
Event: 4.129 GC heap after
Heap after GC invocations=53 (full 0):
 def new generation   total 4928K, used 1K [0x22af0000, 0x23040000, 0x28040000)
  eden space 4416K,   0% used [0x22af0000, 0x22af0000, 0x22f40000)
  from space 512K,   0% used [0x22fc0000, 0x22fc0598, 0x23040000)
  to   space 512K,   0% used [0x22f40000, 0x22f40000, 0x22fc0000)
 tenured generation   total 10944K, used 1062K [0x28040000, 0x28af0000, 0x32af0000)
   the space 10944K,   9% used [0x28040000, 0x28149ac0, 0x28149c00, 0x28af0000)
 compacting perm gen  total 12288K, used 904K [0x32af0000, 0x336f0000, 0x36af0000)
   the space 12288K,   7% used [0x32af0000, 0x32bd2270, 0x32bd2400, 0x336f0000)
    ro space 10240K,  42% used [0x36af0000, 0x36f30348, 0x36f30400, 0x374f0000)
    rw space 12288K,  54% used [0x374f0000, 0x37b706f0, 0x37b70800, 0x380f0000)
}
Event: 4.190 GC heap before
{Heap before GC invocations=53 (full 0):
 def new generation   total 4928K, used 4417K [0x22af0000, 0x23040000, 0x28040000)
  eden space 4416K, 100% used [0x22af0000, 0x22f40000, 0x22f40000)
  from space 512K,   0% used [0x22fc0000, 0x22fc0598, 0x23040000)
  to   space 512K,   0% used [0x22f40000, 0x22f40000, 0x22fc0000)
 tenured generation   total 10944K, used 1062K [0x28040000, 0x28af0000, 0x32af0000)
   the space 10944K,   9% used [0x28040000, 0x28149ac0, 0x28149c00, 0x28af0000)
 compacting perm gen  total 12288K, used 904K [0x32af0000, 0x336f0000, 0x36af0000)
   the space 12288K,   7% used [0x32af0000, 0x32bd2270, 0x32bd2400, 0x336f0000)
    ro space 10240K,  42% used [0x36af0000, 0x36f30348, 0x36f30400, 0x374f0000)
    rw space 12288K,  54% used [0x374f0000, 0x37b706f0, 0x37b70800, 0x380f0000)
Event: 4.191 GC heap after
Heap after GC invocations=54 (full 0):
 def new generation   total 4928K, used 1K [0x22af0000, 0x23040000, 0x28040000)
  eden space 4416K,   0% used [0x22af0000, 0x22af0000, 0x22f40000)
  from space 512K,   0% used [0x22f40000, 0x22f40518, 0x22fc0000)
  to   space 512K,   0% used [0x22fc0000, 0x22fc0000, 0x23040000)
 tenured generation   total 10944K, used 1062K [0x28040000, 0x28af0000, 0x32af0000)
   the space 10944K,   9% used [0x28040000, 0x28149ac0, 0x28149c00, 0x28af0000)
 compacting perm gen  total 12288K, used 904K [0x32af0000, 0x336f0000, 0x36af0000)
   the space 12288K,   7% used [0x32af0000, 0x32bd2270, 0x32bd2400, 0x336f0000)
    ro space 10240K,  42% used [0x36af0000, 0x36f30348, 0x36f30400, 0x374f0000)
    rw space 12288K,  54% used [0x374f0000, 0x37b706f0, 0x37b70800, 0x380f0000)
}
Event: 4.254 GC heap before
{Heap before GC invocations=54 (full 0):
 def new generation   total 4928K, used 4417K [0x22af0000, 0x23040000, 0x28040000)
  eden space 4416K, 100% used [0x22af0000, 0x22f40000, 0x22f40000)
  from space 512K,   0% used [0x22f40000, 0x22f40518, 0x22fc0000)
  to   space 512K,   0% used [0x22fc0000, 0x22fc0000, 0x23040000)
 tenured generation   total 10944K, used 1062K [0x28040000, 0x28af0000, 0x32af0000)
   the space 10944K,   9% used [0x28040000, 0x28149ac0, 0x28149c00, 0x28af0000)
 compacting perm gen  total 12288K, used 904K [0x32af0000, 0x336f0000, 0x36af0000)
   the space 12288K,   7% used [0x32af0000, 0x32bd2270, 0x32bd2400, 0x336f0000)
    ro space 10240K,  42% used [0x36af0000, 0x36f30348, 0x36f30400, 0x374f0000)
    rw space 12288K,  54% used [0x374f0000, 0x37b706f0, 0x37b70800, 0x380f0000)
Event: 4.255 GC heap after
Heap after GC invocations=55 (full 0):
 def new generation   total 4928K, used 1K [0x22af0000, 0x23040000, 0x28040000)
  eden space 4416K,   0% used [0x22af0000, 0x22af0000, 0x22f40000)
  from space 512K,   0% used [0x22fc0000, 0x22fc0560, 0x23040000)
  to   space 512K,   0% used [0x22f40000, 0x22f40000, 0x22fc0000)
 tenured generation   total 10944K, used 1062K [0x28040000, 0x28af0000, 0x32af0000)
   the space 10944K,   9% used [0x28040000, 0x28149ac0, 0x28149c00, 0x28af0000)
 compacting perm gen  total 12288K, used 904K [0x32af0000, 0x336f0000, 0x36af0000)
   the space 12288K,   7% used [0x32af0000, 0x32bd2270, 0x32bd2400, 0x336f0000)
    ro space 10240K,  42% used [0x36af0000, 0x36f30348, 0x36f30400, 0x374f0000)
    rw space 12288K,  54% used [0x374f0000, 0x37b706f0, 0x37b70800, 0x380f0000)
}
Event: 4.315 GC heap before
{Heap before GC invocations=55 (full 0):
 def new generation   total 4928K, used 4417K [0x22af0000, 0x23040000, 0x28040000)
  eden space 4416K, 100% used [0x22af0000, 0x22f40000, 0x22f40000)
  from space 512K,   0% used [0x22fc0000, 0x22fc0560, 0x23040000)
  to   space 512K,   0% used [0x22f40000, 0x22f40000, 0x22fc0000)
 tenured generation   total 10944K, used 1062K [0x28040000, 0x28af0000, 0x32af0000)
   the space 10944K,   9% used [0x28040000, 0x28149ac0, 0x28149c00, 0x28af0000)
 compacting perm gen  total 12288K, used 904K [0x32af0000, 0x336f0000, 0x36af0000)
   the space 12288K,   7% used [0x32af0000, 0x32bd2270, 0x32bd2400, 0x336f0000)
    ro space 10240K,  42% used [0x36af0000, 0x36f30348, 0x36f30400, 0x374f0000)
    rw space 12288K,  54% used [0x374f0000, 0x37b706f0, 0x37b70800, 0x380f0000)
Event: 4.316 GC heap after
Heap after GC invocations=56 (full 0):
 def new generation   total 4928K, used 1K [0x22af0000, 0x23040000, 0x28040000)
  eden space 4416K,   0% used [0x22af0000, 0x22af0000, 0x22f40000)
  from space 512K,   0% used [0x22f40000, 0x22f40548, 0x22fc0000)
  to   space 512K,   0% used [0x22fc0000, 0x22fc0000, 0x23040000)
 tenured generation   total 10944K, used 1062K [0x28040000, 0x28af0000, 0x32af0000)
   the space 10944K,   9% used [0x28040000, 0x28149b58, 0x28149c00, 0x28af0000)
 compacting perm gen  total 12288K, used 904K [0x32af0000, 0x336f0000, 0x36af0000)
   the space 12288K,   7% used [0x32af0000, 0x32bd2270, 0x32bd2400, 0x336f0000)
    ro space 10240K,  42% used [0x36af0000, 0x36f30348, 0x36f30400, 0x374f0000)
    rw space 12288K,  54% used [0x374f0000, 0x37b706f0, 0x37b70800, 0x380f0000)
}

